<!DOCTYPE html PUBLIC "-//W3C//DTD XHTML 1.1//EN" "http://www.w3.org/TR/xhtml11/DTD/xhtml11.dtd">
<html xmlns="http://www.w3.org/1999/xhtml">
<head>
<meta charset='utf-8'>
<title>TestNG Report</title>
<style type="text/css">
table {margin-bottom:10px;border-collapse:collapse;empty-cells:show}
td,th {border:1px solid #009;padding:.25em .5em}
.result th {vertical-align:bottom}
.param th {padding-left:1em;padding-right:1em}
.param td {padding-left:.5em;padding-right:2em}
.stripe td,.stripe th {background-color: #E6EBF9}
.numi,.numi_attn {text-align:right}
.total td {font-weight:bold}
.passedodd td {background-color: #0A0}
.passedeven td {background-color: #3F3}
.skippedodd td {background-color: #CCC}
.skippedodd td {background-color: #DDD}
.failedodd td,.numi_attn {background-color: #F33}
.failedeven td,.stripe .numi_attn {background-color: #D00}
.stacktrace {white-space:pre;font-family:monospace}
.totop {font-size:85%;text-align:center;border-bottom:2px solid #000}
</style>
</head>
<body>
<table cellspacing="0" cellpadding="0" class="testOverview">
<tr><th>Test</th><th>Methods<br/>Passed</th><th>Scenarios<br/>Passed</th><th># skipped</th><th># failed</th><th>Total<br/>Time</th><th>Included<br/>Groups</th><th>Excluded<br/>Groups</th></tr>
<tr><td style="text-align:left;padding-right:2em"><a href="#t1">ConduitLoginPageTesttt.java</a></td><td class="numi">4</td><td class="numi">2</td><td class="numi">0</td><td class="numi_attn">6</td><td class="numi">35.7 seconds</td><td class="numi"></td><td class="numi"></td></tr>
</table>
<table cellspacing="0" cellpadding="0" class="methodOverview" id="summary">
<tr><th>Class</th><th>Method</th><th># of<br/>Scenarios</th><th>Start</th><th>Time<br/>(ms)</th></tr>
<tr id="t1"><th colspan="5">ConduitLoginPageTesttt.java &#8212; failed</th></tr>
<tr class="failedodd"><td rowspan="2">com.exalt.tests.DemoTest</td><td><a href="#m1"><b>demoTesttestest</b>  </a></td><td class="numi">1</td><td>1600951929993</td><td class="numi">12</td></tr><tr class="failedodd"><td><a href="#m2"><b>demoTesttestest2</b>  </a></td><td class="numi">1</td><td>1600951930021</td><td class="numi">0</td></tr>
<tr class="failedeven"><td rowspan="4">com.exalt.tests.ConduitLoginPageTest</td><td><a href="#m3"><b>ConduitLoginTest</b>  </a></td><td class="numi">2</td><td>1600951942240</td><td class="numi">22785</td></tr><tr class="failedeven"><td><a href="#m4"><b>ConduitLoginTest</b>  </a></td><td class="numi">2</td><td>1600951942240</td><td class="numi">22785</td></tr><tr class="failedeven"><td><a href="#m5"><b>ConduitLoginTest</b>  </a></td><td class="numi">2</td><td>1600951942240</td><td class="numi">22785</td></tr><tr class="failedeven"><td><a href="#m6"><b>ConduitLoginTest</b>  </a></td><td class="numi">2</td><td>1600951942240</td><td class="numi">22785</td></tr>
<tr><th colspan="5">ConduitLoginPageTesttt.java &#8212; passed</th></tr>
<tr class="passedodd"><td rowspan="4">com.exalt.tests.ConduitLoginPageTest</td><td><a href="#m7"><b>ConduitLoginTest</b>  </a></td><td class="numi">2</td><td>1600951935444</td><td class="numi">19193</td></tr><tr class="passedodd"><td><a href="#m8"><b>ConduitLoginTest</b>  </a></td><td class="numi">2</td><td>1600951935444</td><td class="numi">19193</td></tr><tr class="passedodd"><td><a href="#m9"><b>ConduitLoginTest</b>  </a></td><td class="numi">2</td><td>1600951935444</td><td class="numi">19193</td></tr><tr class="passedodd"><td><a href="#m10"><b>ConduitLoginTest</b>  </a></td><td class="numi">2</td><td>1600951935444</td><td class="numi">19193</td></tr>
</table>
<h1>ConduitLoginPageTesttt.java</h1>
<h2 id="m1">com.exalt.tests.DemoTest:demoTesttestest</h2>
<div>
<div class="stacktrace">java.lang.AssertionError: expected [true] but found [false]
	at com.exalt.tests.DemoTest.demoTesttestest(DemoTest.java:10)
	at com.intellij.rt.testng.IDEARemoteTestNG.run(IDEARemoteTestNG.java:66)
	at com.intellij.rt.testng.RemoteTestNGStarter.main(RemoteTestNGStarter.java:109)
... Removed 26 stack frames</div>
</div>
<p class="totop"><a href="#summary">back to summary</a></p>
<h2 id="m2">com.exalt.tests.ConduitLoginPageTest:ConduitLoginTest</h2>
<table cellspacing="0" cellpadding="0" class="result">
<tr class="param"><th>Parameter #1</th><th>Parameter #2</th></tr>
<tr class="param stripe"><td>rterterter</td>
<td>25121</td>
</tr>
<tr><td colspan="2">
<div class="stacktrace">org.openqa.selenium.TimeoutException: Expected condition failed: waiting for title to be &quot;Home — Conduit&quot;. Current title: &quot;Sign in — Conduit&quot; (tried for 5 second(s) with 500 milliseconds interval)
Build info: version: &apos;3.141.59&apos;, revision: &apos;e82be7d358&apos;, time: &apos;2018-11-14T08:17:03&apos;
System info: host: &apos;DESKTOP-2H06RQ4&apos;, ip: &apos;192.168.204.122&apos;, os.name: &apos;Windows 10&apos;, os.arch: &apos;amd64&apos;, os.version: &apos;10.0&apos;, java.version: &apos;1.8.0_252&apos;
Driver info: org.openqa.selenium.chrome.ChromeDriver
Capabilities {acceptInsecureCerts: false, browserName: chrome, browserVersion: 85.0.4183.121, chrome: {chromedriverVersion: 85.0.4183.87 (cd6713ebf92fa..., userDataDir: C:\Users\WesamM\AppData\Loc...}, goog:chromeOptions: {debuggerAddress: localhost:61156}, javascriptEnabled: true, networkConnectionEnabled: false, pageLoadStrategy: normal, platform: WINDOWS, platformName: WINDOWS, proxy: Proxy(), setWindowRect: true, strictFileInteractability: false, timeouts: {implicit: 0, pageLoad: 300000, script: 30000}, unhandledPromptBehavior: dismiss and notify, webauthn:virtualAuthenticators: true}
Session ID: bae3e41cbc0e37272783e6f86864666b
	at org.openqa.selenium.support.ui.WebDriverWait.timeoutException(WebDriverWait.java:95)
	at org.openqa.selenium.support.ui.FluentWait.until(FluentWait.java:272)
	at com.exalt.pom.ConduitLoginPage.loginWithEmailAndPassword(ConduitLoginPage.java:44)
	at com.exalt.tests.ConduitLoginPageTest.ConduitLoginTest(ConduitLoginPageTest.java:25)
	at com.intellij.rt.testng.IDEARemoteTestNG.run(IDEARemoteTestNG.java:66)
	at com.intellij.rt.testng.RemoteTestNGStarter.main(RemoteTestNGStarter.java:109)
... Removed 22 stack frames</div>
</td></tr>
</table>
<p class="totop"><a href="#summary">back to summary</a></p>
<h2 id="m3">com.exalt.tests.ConduitLoginPageTest:ConduitLoginTest</h2>
<table cellspacing="0" cellpadding="0" class="result">
<tr class="param"><th>Parameter #1</th><th>Parameter #2</th></tr>
<tr class="param stripe"><td>asd</td>
<td>asd</td>
</tr>
<tr><td colspan="2">
<div class="stacktrace">org.openqa.selenium.TimeoutException: Expected condition failed: waiting for title to be &quot;Home — Conduit&quot;. Current title: &quot;Sign in — Conduit&quot; (tried for 5 second(s) with 500 milliseconds interval)
Build info: version: &apos;3.141.59&apos;, revision: &apos;e82be7d358&apos;, time: &apos;2018-11-14T08:17:03&apos;
System info: host: &apos;DESKTOP-2H06RQ4&apos;, ip: &apos;192.168.204.122&apos;, os.name: &apos;Windows 10&apos;, os.arch: &apos;amd64&apos;, os.version: &apos;10.0&apos;, java.version: &apos;1.8.0_252&apos;
Driver info: org.openqa.selenium.chrome.ChromeDriver
Capabilities {acceptInsecureCerts: false, browserName: chrome, browserVersion: 85.0.4183.121, chrome: {chromedriverVersion: 85.0.4183.87 (cd6713ebf92fa..., userDataDir: C:\Users\WesamM\AppData\Loc...}, goog:chromeOptions: {debuggerAddress: localhost:61102}, javascriptEnabled: true, networkConnectionEnabled: false, pageLoadStrategy: normal, platform: WINDOWS, platformName: WINDOWS, proxy: Proxy(), setWindowRect: true, strictFileInteractability: false, timeouts: {implicit: 0, pageLoad: 300000, script: 30000}, unhandledPromptBehavior: dismiss and notify, webauthn:virtualAuthenticators: true}
Session ID: 1dc40386856aa74b141beabd294ea521
	at org.openqa.selenium.support.ui.WebDriverWait.timeoutException(WebDriverWait.java:95)
	at org.openqa.selenium.support.ui.FluentWait.until(FluentWait.java:272)
	at com.exalt.pom.ConduitLoginPage.loginWithEmailAndPassword(ConduitLoginPage.java:44)
	at com.exalt.tests.ConduitLoginPageTest.ConduitLoginTest(ConduitLoginPageTest.java:25)
	at com.intellij.rt.testng.IDEARemoteTestNG.run(IDEARemoteTestNG.java:66)
	at com.intellij.rt.testng.RemoteTestNGStarter.main(RemoteTestNGStarter.java:109)
... Removed 22 stack frames</div>
</td></tr>
</table>
<p class="totop"><a href="#summary">back to summary</a></p>
<h2 id="m4">com.exalt.tests.DemoTest:demoTesttestest2</h2>
<div>
<div class="stacktrace">java.lang.AssertionError: expected [true] but found [false]
	at com.exalt.tests.DemoTest.demoTesttestest2(DemoTest.java:14)
	at com.intellij.rt.testng.IDEARemoteTestNG.run(IDEARemoteTestNG.java:66)
	at com.intellij.rt.testng.RemoteTestNGStarter.main(RemoteTestNGStarter.java:109)
... Removed 26 stack frames</div>
</div>
<p class="totop"><a href="#summary">back to summary</a></p>
<h2 id="m5">com.exalt.tests.ConduitLoginPageTest:ConduitLoginTest</h2>
<table cellspacing="0" cellpadding="0" class="result">
<tr class="param"><th>Parameter #1</th><th>Parameter #2</th></tr>
<tr class="param stripe"><td>wiasm.mtour@gmail.com</td>
<td>123456789</td>
</tr>
</table>
<p class="totop"><a href="#summary">back to summary</a></p>
<h2 id="m6">com.exalt.tests.ConduitLoginPageTest:ConduitLoginTest</h2>
<table cellspacing="0" cellpadding="0" class="result">
<tr class="param"><th>Parameter #1</th><th>Parameter #2</th></tr>
<tr class="param stripe"><td>wiasm.mtour@gmail.com</td>
<td>123456789</td>
</tr>
</table>
<p class="totop"><a href="#summary">back to summary</a></p>
</body></html>
