<!DOCTYPE html><html><head><style>table, th, td {  border: 1px solid black;  border-collapse: collapse;}</style></head><body><h1 style="text-align:center">Failure Tests</h1><h2>Suite:com.exalt.tests.DemoTest</h2><table style="width:100%"><tr><th>Test Name</th><th>Test Case</th><th>Test Case Number </th><th>Reason </th></tr><tr><td>demoTesttestest</th><td>Check response on entering valid  Credentials(Email and password)</th><td>0 </th><td>java.lang.AssertionError: expected [true] but found [false] </th></tr></table><h2>Suite:com.exalt.tests.ConduitLoginPageTest</h2><table style="width:100%"><tr><th>Test Name</th><th>Test Case</th><th>Test Case Number </th><th>Reason </th></tr><tr><td>ConduitLoginTest</th><td>Check response on entering valid  Credentials(Email and password)</th><td>0 </th><td>org.openqa.selenium.TimeoutException: Expected condition failed: waiting for title to be "Home — Conduit". Current title: "Sign in — Conduit" (tried for 5 second(s) with 500 milliseconds interval)
Build info: version: '3.141.59', revision: 'e82be7d358', time: '2018-11-14T08:17:03'
System info: host: 'DESKTOP-2H06RQ4', ip: '192.168.204.122', os.name: 'Windows 10', os.arch: 'amd64', os.version: '10.0', java.version: '1.8.0_252'
Driver info: org.openqa.selenium.chrome.ChromeDriver
Capabilities {acceptInsecureCerts: false, browserName: chrome, browserVersion: 85.0.4183.121, chrome: {chromedriverVersion: 85.0.4183.87 (cd6713ebf92fa..., userDataDir: C:\Users\WesamM\AppData\Loc...}, goog:chromeOptions: {debuggerAddress: localhost:53034}, javascriptEnabled: true, networkConnectionEnabled: false, pageLoadStrategy: normal, platform: WINDOWS, platformName: WINDOWS, proxy: Proxy(), setWindowRect: true, strictFileInteractability: false, timeouts: {implicit: 0, pageLoad: 300000, script: 30000}, unhandledPromptBehavior: dismiss and notify, webauthn:virtualAuthenticators: true}
Session ID: 4a182fbccaf076c8a8e4dfa85d895049 </th></tr></table><h2>Suite:com.exalt.tests.ConduitLoginPageTest</h2><table style="width:100%"><tr><th>Test Name</th><th>Test Case</th><th>Test Case Number </th><th>Reason </th></tr><tr><td>ConduitLoginTest</th><td>Check response on entering valid  Credentials(Email and password)</th><td>0 </th><td>org.openqa.selenium.TimeoutException: Expected condition failed: waiting for title to be "Home — Conduit". Current title: "Sign in — Conduit" (tried for 5 second(s) with 500 milliseconds interval)
Build info: version: '3.141.59', revision: 'e82be7d358', time: '2018-11-14T08:17:03'
System info: host: 'DESKTOP-2H06RQ4', ip: '192.168.204.122', os.name: 'Windows 10', os.arch: 'amd64', os.version: '10.0', java.version: '1.8.0_252'
Driver info: org.openqa.selenium.chrome.ChromeDriver
Capabilities {acceptInsecureCerts: false, browserName: chrome, browserVersion: 85.0.4183.121, chrome: {chromedriverVersion: 85.0.4183.87 (cd6713ebf92fa..., userDataDir: C:\Users\WesamM\AppData\Loc...}, goog:chromeOptions: {debuggerAddress: localhost:52981}, javascriptEnabled: true, networkConnectionEnabled: false, pageLoadStrategy: normal, platform: WINDOWS, platformName: WINDOWS, proxy: Proxy(), setWindowRect: true, strictFileInteractability: false, timeouts: {implicit: 0, pageLoad: 300000, script: 30000}, unhandledPromptBehavior: dismiss and notify, webauthn:virtualAuthenticators: true}
Session ID: 40b76303aaea6b7df5e5bf98c37ec45b </th></tr></table><h2>Suite:com.exalt.tests.DemoTest</h2><table style="width:100%"><tr><th>Test Name</th><th>Test Case</th><th>Test Case Number </th><th>Reason </th></tr><tr><td>demoTesttestest</th><td>Check response on entering valid  Credentials(Email and password)</th><td>0 </th><td>java.lang.AssertionError: expected [true] but found [false] </th></tr></table><h2>Suite:com.exalt.tests.DemoTest</h2><table style="width:100%"><tr><th>Test Name</th><th>Test Case</th><th>Test Case Number </th><th>Reason </th></tr><tr><td>demoTesttestest</th><td>Check response on entering valid  Credentials(Email and password)</th><td>0 </th><td>java.lang.AssertionError: expected [true] but found [false] </th></tr></table><h2>Suite:com.exalt.tests.DemoTest</h2><table style="width:100%"><tr><th>Test Name</th><th>Test Case</th><th>Test Case Number </th><th>Reason </th></tr><tr><td>demoTesttestest</th><td>Check response on entering valid  Credentials(Email and password)</th><td>0 </th><td>java.lang.AssertionError: expected [true] but found [false] </th></tr></table><h2>Suite:com.exalt.tests.ConduitLoginPageTest</h2><table style="width:100%"><tr><th>Test Name</th><th>Test Case</th><th>Test Case Number </th><th>Reason </th></tr><tr><td>ConduitLoginTest</th><td>Check response on entering valid  Credentials(Email and password)</th><td>0 </th><td>org.openqa.selenium.TimeoutException: Expected condition failed: waiting for title to be "Home — Conduit". Current title: "Sign in — Conduit" (tried for 5 second(s) with 500 milliseconds interval)
Build info: version: '3.141.59', revision: 'e82be7d358', time: '2018-11-14T08:17:03'
System info: host: 'DESKTOP-2H06RQ4', ip: '192.168.204.122', os.name: 'Windows 10', os.arch: 'amd64', os.version: '10.0', java.version: '1.8.0_252'
Driver info: org.openqa.selenium.chrome.ChromeDriver
Capabilities {acceptInsecureCerts: false, browserName: chrome, browserVersion: 85.0.4183.121, chrome: {chromedriverVersion: 85.0.4183.87 (cd6713ebf92fa..., userDataDir: C:\Users\WesamM\AppData\Loc...}, goog:chromeOptions: {debuggerAddress: localhost:53034}, javascriptEnabled: true, networkConnectionEnabled: false, pageLoadStrategy: normal, platform: WINDOWS, platformName: WINDOWS, proxy: Proxy(), setWindowRect: true, strictFileInteractability: false, timeouts: {implicit: 0, pageLoad: 300000, script: 30000}, unhandledPromptBehavior: dismiss and notify, webauthn:virtualAuthenticators: true}
Session ID: 4a182fbccaf076c8a8e4dfa85d895049 </th></tr></table><h2>Suite:com.exalt.tests.ConduitLoginPageTest</h2><table style="width:100%"><tr><th>Test Name</th><th>Test Case</th><th>Test Case Number </th><th>Reason </th></tr><tr><td>ConduitLoginTest</th><td>Check response on entering valid  Credentials(Email and password)</th><td>0 </th><td>org.openqa.selenium.TimeoutException: Expected condition failed: waiting for title to be "Home — Conduit". Current title: "Sign in — Conduit" (tried for 5 second(s) with 500 milliseconds interval)
Build info: version: '3.141.59', revision: 'e82be7d358', time: '2018-11-14T08:17:03'
System info: host: 'DESKTOP-2H06RQ4', ip: '192.168.204.122', os.name: 'Windows 10', os.arch: 'amd64', os.version: '10.0', java.version: '1.8.0_252'
Driver info: org.openqa.selenium.chrome.ChromeDriver
Capabilities {acceptInsecureCerts: false, browserName: chrome, browserVersion: 85.0.4183.121, chrome: {chromedriverVersion: 85.0.4183.87 (cd6713ebf92fa..., userDataDir: C:\Users\WesamM\AppData\Loc...}, goog:chromeOptions: {debuggerAddress: localhost:52981}, javascriptEnabled: true, networkConnectionEnabled: false, pageLoadStrategy: normal, platform: WINDOWS, platformName: WINDOWS, proxy: Proxy(), setWindowRect: true, strictFileInteractability: false, timeouts: {implicit: 0, pageLoad: 300000, script: 30000}, unhandledPromptBehavior: dismiss and notify, webauthn:virtualAuthenticators: true}
Session ID: 40b76303aaea6b7df5e5bf98c37ec45b </th></tr></table><h2>Suite:com.exalt.tests.DemoTest</h2><table style="width:100%"><tr><th>Test Name</th><th>Test Case</th><th>Test Case Number </th><th>Reason </th></tr><tr><td>demoTesttestest2</th><td>Check response on entering valid  Credentials(Email and password)</th><td>0 </th><td>java.lang.AssertionError: expected [true] but found [false] </th></tr></table></table><br></body></html>